0 info it worked if it ends with ok
1 verbose cli [ '/home/davidj/.nvm/versions/node/v6.11.5/bin/node',
1 verbose cli   '/home/davidj/.nvm/versions/node/v6.11.5/bin/npm',
1 verbose cli   'install',
1 verbose cli   '--save',
1 verbose cli   '@types/rxjs' ]
2 info using npm@3.10.10
3 info using node@v6.11.5
4 silly loadCurrentTree Starting
5 silly install loadCurrentTree
6 silly install readLocalPackageData
7 silly fetchPackageMetaData @types/rxjs
8 silly fetchNamedPackageData @types/rxjs
9 silly mapToRegistry name @types/rxjs
10 silly mapToRegistry scope (from package name) @types
11 verbose mapToRegistry no registry URL found in name for scope @types
12 silly mapToRegistry using default registry
13 silly mapToRegistry registry https://registry.npmjs.org/
14 silly mapToRegistry data Result {
14 silly mapToRegistry   raw: '@types/rxjs',
14 silly mapToRegistry   scope: '@types',
14 silly mapToRegistry   escapedName: '@types%2frxjs',
14 silly mapToRegistry   name: '@types/rxjs',
14 silly mapToRegistry   rawSpec: '',
14 silly mapToRegistry   spec: 'latest',
14 silly mapToRegistry   type: 'tag' }
15 silly mapToRegistry uri https://registry.npmjs.org/@types%2frxjs
16 verbose request uri https://registry.npmjs.org/@types%2frxjs
17 verbose request no auth needed
18 info attempt registry request try #1 at 5:41:40 PM
19 verbose request using bearer token for auth
20 verbose request id 3db1189ce50dd003
21 http request GET https://registry.npmjs.org/@types%2frxjs
22 http 404 https://registry.npmjs.org/@types%2frxjs
23 verbose headers { date: 'Sat, 11 Aug 2018 07:41:42 GMT',
23 verbose headers   'content-type': 'application/json',
23 verbose headers   'content-length': '21',
23 verbose headers   connection: 'keep-alive',
23 verbose headers   'set-cookie': [ '__cfduid=dc706604bace45a9124dc90a8076f6c3c1533973301; expires=Sun, 11-Aug-19 07:41:41 GMT; path=/; domain=.registry.npmjs.org; HttpOnly' ],
23 verbose headers   'cf-cache-status': 'MISS',
23 verbose headers   'cf-ray': '44890facbd621d9e-MEL',
23 verbose headers   'expect-ct': 'max-age=604800, report-uri="https://report-uri.cloudflare.com/cdn-cgi/beacon/expect-ct"',
23 verbose headers   vary: 'Accept-Encoding',
23 verbose headers   server: 'cloudflare' }
24 silly get cb [ 404,
24 silly get   { date: 'Sat, 11 Aug 2018 07:41:42 GMT',
24 silly get     'content-type': 'application/json',
24 silly get     'content-length': '21',
24 silly get     connection: 'keep-alive',
24 silly get     'set-cookie': [ '__cfduid=dc706604bace45a9124dc90a8076f6c3c1533973301; expires=Sun, 11-Aug-19 07:41:41 GMT; path=/; domain=.registry.npmjs.org; HttpOnly' ],
24 silly get     'cf-cache-status': 'MISS',
24 silly get     'cf-ray': '44890facbd621d9e-MEL',
24 silly get     'expect-ct': 'max-age=604800, report-uri="https://report-uri.cloudflare.com/cdn-cgi/beacon/expect-ct"',
24 silly get     vary: 'Accept-Encoding',
24 silly get     server: 'cloudflare' } ]
25 silly fetchPackageMetaData Error: Not found : @types/rxjs
25 silly fetchPackageMetaData     at makeError (/home/davidj/.nvm/versions/node/v6.11.5/lib/node_modules/npm/node_modules/npm-registry-client/lib/request.js:302:12)
25 silly fetchPackageMetaData     at CachingRegistryClient.<anonymous> (/home/davidj/.nvm/versions/node/v6.11.5/lib/node_modules/npm/node_modules/npm-registry-client/lib/request.js:290:14)
25 silly fetchPackageMetaData     at Request._callback (/home/davidj/.nvm/versions/node/v6.11.5/lib/node_modules/npm/node_modules/npm-registry-client/lib/request.js:210:14)
25 silly fetchPackageMetaData     at Request.self.callback (/home/davidj/.nvm/versions/node/v6.11.5/lib/node_modules/npm/node_modules/request/request.js:187:22)
25 silly fetchPackageMetaData     at emitTwo (events.js:106:13)
25 silly fetchPackageMetaData     at Request.emit (events.js:191:7)
25 silly fetchPackageMetaData     at Request.<anonymous> (/home/davidj/.nvm/versions/node/v6.11.5/lib/node_modules/npm/node_modules/request/request.js:1048:10)
25 silly fetchPackageMetaData     at emitOne (events.js:96:13)
25 silly fetchPackageMetaData     at Request.emit (events.js:188:7)
25 silly fetchPackageMetaData     at IncomingMessage.<anonymous> (/home/davidj/.nvm/versions/node/v6.11.5/lib/node_modules/npm/node_modules/request/request.js:969:12)
25 silly fetchPackageMetaData  error for @types/rxjs { Error: Not found : @types/rxjs
25 silly fetchPackageMetaData     at makeError (/home/davidj/.nvm/versions/node/v6.11.5/lib/node_modules/npm/node_modules/npm-registry-client/lib/request.js:302:12)
25 silly fetchPackageMetaData     at CachingRegistryClient.<anonymous> (/home/davidj/.nvm/versions/node/v6.11.5/lib/node_modules/npm/node_modules/npm-registry-client/lib/request.js:290:14)
25 silly fetchPackageMetaData     at Request._callback (/home/davidj/.nvm/versions/node/v6.11.5/lib/node_modules/npm/node_modules/npm-registry-client/lib/request.js:210:14)
25 silly fetchPackageMetaData     at Request.self.callback (/home/davidj/.nvm/versions/node/v6.11.5/lib/node_modules/npm/node_modules/request/request.js:187:22)
25 silly fetchPackageMetaData     at emitTwo (events.js:106:13)
25 silly fetchPackageMetaData     at Request.emit (events.js:191:7)
25 silly fetchPackageMetaData     at Request.<anonymous> (/home/davidj/.nvm/versions/node/v6.11.5/lib/node_modules/npm/node_modules/request/request.js:1048:10)
25 silly fetchPackageMetaData     at emitOne (events.js:96:13)
25 silly fetchPackageMetaData     at Request.emit (events.js:188:7)
25 silly fetchPackageMetaData     at IncomingMessage.<anonymous> (/home/davidj/.nvm/versions/node/v6.11.5/lib/node_modules/npm/node_modules/request/request.js:969:12) pkgid: '@types/rxjs', statusCode: 404, code: 'E404' }
26 silly rollbackFailedOptional Starting
27 silly rollbackFailedOptional Finishing
28 silly runTopLevelLifecycles Finishing
29 silly install printInstalled
30 verbose stack Error: Not found : @types/rxjs
30 verbose stack     at makeError (/home/davidj/.nvm/versions/node/v6.11.5/lib/node_modules/npm/node_modules/npm-registry-client/lib/request.js:302:12)
30 verbose stack     at CachingRegistryClient.<anonymous> (/home/davidj/.nvm/versions/node/v6.11.5/lib/node_modules/npm/node_modules/npm-registry-client/lib/request.js:290:14)
30 verbose stack     at Request._callback (/home/davidj/.nvm/versions/node/v6.11.5/lib/node_modules/npm/node_modules/npm-registry-client/lib/request.js:210:14)
30 verbose stack     at Request.self.callback (/home/davidj/.nvm/versions/node/v6.11.5/lib/node_modules/npm/node_modules/request/request.js:187:22)
30 verbose stack     at emitTwo (events.js:106:13)
30 verbose stack     at Request.emit (events.js:191:7)
30 verbose stack     at Request.<anonymous> (/home/davidj/.nvm/versions/node/v6.11.5/lib/node_modules/npm/node_modules/request/request.js:1048:10)
30 verbose stack     at emitOne (events.js:96:13)
30 verbose stack     at Request.emit (events.js:188:7)
30 verbose stack     at IncomingMessage.<anonymous> (/home/davidj/.nvm/versions/node/v6.11.5/lib/node_modules/npm/node_modules/request/request.js:969:12)
31 verbose statusCode 404
32 verbose pkgid @types/rxjs
33 verbose cwd /home/davidj/git-workspace/geoplanets-model
34 error Linux 4.15.0-30-generic
35 error argv "/home/davidj/.nvm/versions/node/v6.11.5/bin/node" "/home/davidj/.nvm/versions/node/v6.11.5/bin/npm" "install" "--save" "@types/rxjs"
36 error node v6.11.5
37 error npm  v3.10.10
38 error code E404
39 error 404 Not found : @types/rxjs
40 error 404
41 error 404 '@types/rxjs' is not in the npm registry.
42 error 404 You should bug the author to publish it (or use the name yourself!)
43 error 404 Note that you can also install from a
44 error 404 tarball, folder, http url, or git url.
45 verbose exit [ 1, true ]
